（索引）:1307 页面加载完成，检查 stockList...
app.js?v=1774793024:68 [init] 开始初始化，已清空股票列表
app.js?v=1774793024:2737 Checking initDataImport... function
app.js?v=1774793024:2739 Calling initDataImport...
import.js?v=1774793024:17 初始化数据导入模块...
import.js?v=1774793024:24 数据导入模块初始化完成
app.js?v=1774793024:95 已从后端 API 加载 12 只股票
app.js?v=1774793024:181 加载热点板块数据...
app.js?v=1774793024:1429 [热点板块] 已更新 6 个板块
app.js?v=1774793024:185 加载市场情绪数据...
app.js?v=1774793024:2171 加载市场情绪数据...
（索引）:1310 stockList 元素: <div class=​"stock-list" id=​"stockList">​…​</div>​
（索引）:1311 stockList 子元素数: 12
（索引）:1351 renderIBAnalysis 被调用，数据: Object
（索引）:1364 holdings_map 数量: 0
（索引）:1365 macro_summary: Object
（索引）:1373 分类统计: Object
（索引）:1377 displayHoldings 数量: 0
（索引）:1507 ibAnalysisContent HTML 已设置，长度: 11543
localhost/:1 Uncaught (in promise) Error: A listener indicated an asynchronous response by returning true, but the message channel closed before a response was received
app.js?v=1774793024:2189 [DEBUG] renderSentiment 开始执行, appState.sentiment: Object
app.js?v=1774793024:2343 [DEBUG] 准备调用 loadPortfolioAnalysis
app.js?v=1774793024:2345 [DEBUG] loadPortfolioAnalysis 调用完成
app.js?v=1774793024:2348 [DEBUG] 准备调用 loadHKPortfolioRisk
app.js?v=1774793024:2609 [DEBUG] loadHKPortfolioRisk 开始执行
app.js?v=1774793024:2350 [DEBUG] loadHKPortfolioRisk 调用完成
app.js?v=1774793024:2178 市场情绪加载完成: 中性
app.js?v=1774793024:189 加载财联社实时新闻...
app.js?v=1774793024:1676 加载结构化财联社新闻...
:8888/api/portfolio/hk-short-analysis:1 
        
        
       Failed to load resource: the server responded with a status of 500 (INTERNAL SERVER ERROR)
app.js?v=1774793024:2611 [DEBUG] API 响应状态: 500
app.js?v=1774793024:2613 [DEBUG] API 响应不成功, 返回
app.js?v=1774793024:1429 [热点板块] 已更新 6 个板块
app.js?v=1774793024:2171 加载市场情绪数据...
app.js?v=1774793024:1676 加载结构化财联社新闻...
app.js?v=1774793024:1429 [热点板块] 已更新 6 个板块
app.js?v=1774793024:2189 [DEBUG] renderSentiment 开始执行, appState.sentiment: Object
app.js?v=1774793024:2343 [DEBUG] 准备调用 loadPortfolioAnalysis
app.js?v=1774793024:2345 [DEBUG] loadPortfolioAnalysis 调用完成
app.js?v=1774793024:2348 [DEBUG] 准备调用 loadHKPortfolioRisk
app.js?v=1774793024:2609 [DEBUG] loadHKPortfolioRisk 开始执行
app.js?v=1774793024:2350 [DEBUG] loadHKPortfolioRisk 调用完成
app.js?v=1774793024:2178 市场情绪加载完成: 中性
hk-short-analysis:1 
        
        
       Failed to load resource: the server responded with a status of 500 (INTERNAL SERVER ERROR)
app.js?v=1774793024:2611 [DEBUG] API 响应状态: 500
app.js?v=1774793024:2613 [DEBUG] API 响应不成功, 返回
