 页面加载完成，检查 stockList...
 [init] 开始初始化，已清空股票列表
 Checking initDataImport... function
 Calling initDataImport...
 初始化数据导入模块...
 数据导入模块初始化完成
 已从后端 API 加载 12 只股票
 加载热点板块数据...
 [热点板块] 已更新 6 个板块
 加载市场情绪数据...
 加载市场情绪数据...
 stockList 元素: 
 stockList 子元素数: 12
 [DEBUG] renderSentiment 开始执行, appState.sentiment: Object
 [DEBUG] 准备调用 loadPortfolioAnalysis
 [DEBUG] loadPortfolioAnalysis 调用完成
 [DEBUG] 准备调用 loadHKPortfolioRisk
 [DEBUG] loadHKPortfolioRisk 开始执行
 [DEBUG] loadHKPortfolioRisk 调用完成
 市场情绪加载完成: 中性
 加载财联社实时新闻...
 加载结构化财联社新闻...
 [DEBUG] API 响应状态: 200
 [DEBUG] API 返回数据: Object
 [DEBUG] changes type: object keys: Array(4)
 [DEBUG] changes[3d]: Object
 [DEBUG] changes[1w]: Object
 [热点板块] 已更新 6 个板块
 加载市场情绪数据...
 加载结构化财联社新闻...
 [热点板块] 已更新 6 个板块
 [DEBUG] renderSentiment 开始执行, appState.sentiment: Object
 [DEBUG] 准备调用 loadPortfolioAnalysis
 [DEBUG] loadPortfolioAnalysis 调用完成
 [DEBUG] 准备调用 loadHKPortfolioRisk
 [DEBUG] loadHKPortfolioRisk 开始执行
 [DEBUG] loadHKPortfolioRisk 调用完成
 市场情绪加载完成: 中性
app.js?v=1774709537:2486 [DEBUG] API 响应状态: 200
app.js?v=1774709537:2493 [DEBUG] API 返回数据: Object
app.js?v=1774709537:2523 [DEBUG] changes type: object keys: Array(4)
app.js?v=1774709537:2524 [DEBUG] changes[3d]: Object
app.js?v=1774709537:2525 [DEBUG] changes[1w]: Object
app.js?v=1774709537:1668 新闻加载完成: 头条0条, 题材6条, 日历3条
app.js?v=1774709537:193 加载持仓股分析报告...
app.js?v=1774709537:198 初始化完成，立即获取实时行情...
app.js?v=1774709537:1972 [updateStockPricesOnce] 获取实时行情...
app.js?v=1774709537:1973 [updateStockPricesOnce] 股票列表: Array(12)
app.js?v=1774709537:1981 [updateStockPricesOnce] 请求体: {"stocks":[{"code":"000559","market":"A股"},{"code":"000878","market":"A股"},{"code":"002050","market":"A股"},{"code":"002594","market":"A股"},{"code":"300229","market":"A股"},{"code":"300316","market":"A股"},{"code":"300442","market":"A股"},{"code":"601600","market":"A股"},{"code":"688795","market":"A股"},{"code":"00285","market":"港股"},{"code":"00700","market":"港股"},{"code":"09988","market":"港股"}]}
app.js?v=1774709537:1990 [updateStockPricesOnce] 发起 fetch 请求...
app.js?v=1774709537:2008 [updateStockPricesOnce] fetch 完成，状态: 200
app.js?v=1774709537:2016 [updateStockPricesOnce] 响应数据: Object
app.js?v=1774709537:2028 [updateStockPricesOnce] 000559: 15.46 -> 15.43
app.js?v=1774709537:2028 [updateStockPricesOnce] 000878: 18.35 -> 18.47
app.js?v=1774709537:2028 [updateStockPricesOnce] 002050: 43.87 -> 43.35
app.js?v=1774709537:2028 [updateStockPricesOnce] 002594: 103.14 -> 105.3
app.js?v=1774709537:2028 [updateStockPricesOnce] 300229: 17.83 -> 18.04
app.js?v=1774709537:2028 [updateStockPricesOnce] 300316: 43.07 -> 43.45
app.js?v=1774709537:2028 [updateStockPricesOnce] 300442: 84.28 -> 83.45
app.js?v=1774709537:2028 [updateStockPricesOnce] 601600: 11.31 -> 11.44
app.js?v=1774709537:2028 [updateStockPricesOnce] 688795: 558.5 -> 552.5
app.js?v=1774709537:2028 [updateStockPricesOnce] 00285: 26.555 -> 30.6
app.js?v=1774709537:2028 [updateStockPricesOnce] 00700: 424.531 -> 493.4
app.js?v=1774709537:2028 [updateStockPricesOnce] 09988: 105.362 -> 122.6
app.js?v=1774709537:2054 [updateStockPricesOnce] 实时行情更新完成
app.js?v=1774709537:204 开始异步刷新中轴价格...
app.js?v=1774709537:217 [refreshAxisPrices] 开始执行，股票数量: 12 强制刷新: false
app.js?v=1774709537:230 [refreshAxisPrices] 股票列表: 000559, 000878, 002050, 002594, 300229, 300316, 300442, 601600, 688795, 00285, 00700, 09988
app.js?v=1774709537:242 [refreshAxisPrices] 开始并行处理 12 只股票...
app.js?v=1774709537:246 [refreshAxisPrices] 调用API: 000559
app.js?v=1774709537:246 [refreshAxisPrices] 调用API: 000878
app.js?v=1774709537:246 [refreshAxisPrices] 调用API: 002050
app.js?v=1774709537:246 [refreshAxisPrices] 调用API: 002594
app.js?v=1774709537:246 [refreshAxisPrices] 调用API: 300229
app.js?v=1774709537:246 [refreshAxisPrices] 调用API: 300316
app.js?v=1774709537:246 [refreshAxisPrices] 调用API: 300442
app.js?v=1774709537:246 [refreshAxisPrices] 调用API: 601600
app.js?v=1774709537:246 [refreshAxisPrices] 调用API: 688795
app.js?v=1774709537:246 [refreshAxisPrices] 调用API: 00285
app.js?v=1774709537:246 [refreshAxisPrices] 调用API: 00700
app.js?v=1774709537:246 [refreshAxisPrices] 调用API: 09988
app.js?v=1774709537:283 [refreshAxisPrices] 000878 更新: 0.00 -> 21.05
app.js?v=1774709537:283 [refreshAxisPrices] 002050 更新: 0.00 -> 48.50
app.js?v=1774709537:283 [refreshAxisPrices] 300316 更新: 0.00 -> 43.36
app.js?v=1774709537:283 [refreshAxisPrices] 300229 更新: 0.00 -> 21.76
app.js?v=1774709537:283 [refreshAxisPrices] 300442 更新: 0.00 -> 68.47
app.js?v=1774709537:283 [refreshAxisPrices] 688795 更新: 0.00 -> 623.82
app.js?v=1774709537:283 [refreshAxisPrices] 601600 更新: 0.00 -> 12.63
app.js?v=1774709537:283 [refreshAxisPrices] 002594 更新: 0.00 -> 96.38
app.js?v=1774709537:386 [syncAxisPriceToBackend] 000878 更新成功
app.js?v=1774709537:386 [syncAxisPriceToBackend] 002050 更新成功
app.js?v=1774709537:298 [refreshAxisPrices] 000559 请求超时(8秒)
（匿名） @ app.js?v=1774709537:298
app.js?v=1774709537:298 [refreshAxisPrices] 00285 请求超时(8秒)
（匿名） @ app.js?v=1774709537:298
app.js?v=1774709537:298 [refreshAxisPrices] 00700 请求超时(8秒)
（匿名） @ app.js?v=1774709537:298
app.js?v=1774709537:298 [refreshAxisPrices] 09988 请求超时(8秒)
（匿名） @ app.js?v=1774709537:298
app.js?v=1774709537:326 [refreshAxisPrices] 完成: 8只成功, 4只失败, 8只变化
app.js?v=1774709537:331 [refreshAxisPrices] 已保存到 localStorage
app.js?v=1774709537:345 [refreshAxisPrices] 已更新 selectedStock: 000878 pivotPrice= 21.05
app.js?v=1774709537:2736 [restoreCollapsedState] 恢复折叠状态完成
app.js?v=1774709537:386 [syncAxisPriceToBackend] 300316 更新成功
app.js?v=1774709537:386 [syncAxisPriceToBackend] 300229 更新成功
:8888/api/stocks/1774709534889/axis:1 
        
        
       Failed to load resource: the server responded with a status of 404 (NOT FOUND)
app.js?v=1774709537:392 [syncAxisPriceToBackend] 601600 不存在，自动创建...
app.js?v=1774709537:386 [syncAxisPriceToBackend] 300442 更新成功
app.js?v=1774709537:386 [syncAxisPriceToBackend] 688795 更新成功
app.js?v=1774709537:386 [syncAxisPriceToBackend] 002594 更新成功
app.js?v=1774709537:421 [syncAxisPriceToBackend] 601600 创建成功，新ID: 1774709621835
app.js?v=1774709537:1414 [热点板块] 已更新 6 个板块
app.js?v=1774709537:963 [renderHKShortRiskWarning] 开始渲染港股沽空提示，股票: 00285 比亚迪电
app.js?v=1774709537:963 [renderHKShortRiskWarning] 开始渲染港股沽空提示，股票: 00700 腾讯控股
app.js?v=1774709537:963 [renderHKShortRiskWarning] 开始渲染港股沽空提示，股票: 09988 阿里巴巴
app.js?v=1774709537:1008 [renderHKShortRiskWarning] 渲染完成
app.js?v=1774709537:1008 [renderHKShortRiskWarning] 渲染完成
app.js?v=1774709537:1008 [renderHKShortRiskWarning] 渲染完成
app.js?v=1774709537:2156 加载市场情绪数据...
app.js?v=1774709537:1661 加载结构化财联社新闻...
app.js?v=1774709537:1414 [热点板块] 已更新 6 个板块
app.js?v=1774709537:2174 [DEBUG] renderSentiment 开始执行, appState.sentiment: Object
app.js?v=1774709537:2328 [DEBUG] 准备调用 loadPortfolioAnalysis
app.js?v=1774709537:2330 [DEBUG] loadPortfolioAnalysis 调用完成
app.js?v=1774709537:2333 [DEBUG] 准备调用 loadHKPortfolioRisk
app.js?v=1774709537:2484 [DEBUG] loadHKPortfolioRisk 开始执行
app.js?v=1774709537:2335 [DEBUG] loadHKPortfolioRisk 调用完成
app.js?v=1774709537:2163 市场情绪加载完成: 中性
app.js?v=1774709537:963 [renderHKShortRiskWarning] 开始渲染港股沽空提示，股票: 00700 腾讯控股
app.js?v=1774709537:972 [renderHKShortRiskWarning] 使用缓存数据，股票: 00700
app.js?v=1774709537:963 [renderHKShortRiskWarning] 开始渲染港股沽空提示，股票: 09988 阿里巴巴
app.js?v=1774709537:972 [renderHKShortRiskWarning] 使用缓存数据，股票: 09988
app.js?v=1774709537:963 [renderHKShortRiskWarning] 开始渲染港股沽空提示，股票: 00700 腾讯控股
app.js?v=1774709537:972 [renderHKShortRiskWarning] 使用缓存数据，股票: 00700
app.js?v=1774709537:2486 [DEBUG] API 响应状态: 200
app.js?v=1774709537:2493 [DEBUG] API 返回数据: Object
app.js?v=1774709537:2523 [DEBUG] changes type: object keys: Array(4)
app.js?v=1774709537:2524 [DEBUG] changes[3d]: Object
app.js?v=1774709537:2525 [DEBUG] changes[1w]: Object
app.js?v=1774709537:963 [renderHKShortRiskWarning] 开始渲染港股沽空提示，股票: 00285 比亚迪电
app.js?v=1774709537:972 [renderHKShortRiskWarning] 使用缓存数据，股票: 00285
app.js?v=1774709537:963 [renderHKShortRiskWarning] 开始渲染港股沽空提示，股票: 00285 比亚迪电
app.js?v=1774709537:972 [renderHKShortRiskWarning] 使用缓存数据，股票: 00285
app.js?v=1774709537:963 [renderHKShortRiskWarning] 开始渲染港股沽空提示，股票: 00700 腾讯控股
app.js?v=1774709537:972 [renderHKShortRiskWarning] 使用缓存数据，股票: 00700
app.js?v=1774709537:963 [renderHKShortRiskWarning] 开始渲染港股沽空提示，股票: 09988 阿里巴巴
app.js?v=1774709537:972 [renderHKShortRiskWarning] 使用缓存数据，股票: 09988
app.js?v=1774709537:1668 新闻加载完成: 头条0条, 题材6条, 日历3条
app.js?v=1774709537:1414 [热点板块] 已更新 6 个板块
app.js?v=1774709537:2156 加载市场情绪数据...
app.js?v=1774709537:1661 加载结构化财联社新闻...
app.js?v=1774709537:1414 [热点板块] 已更新 6 个板块
app.js?v=1774709537:2174 [DEBUG] renderSentiment 开始执行, appState.sentiment: Object
app.js?v=1774709537:2328 [DEBUG] 准备调用 loadPortfolioAnalysis
app.js?v=1774709537:2330 [DEBUG] loadPortfolioAnalysis 调用完成
app.js?v=1774709537:2333 [DEBUG] 准备调用 loadHKPortfolioRisk
app.js?v=1774709537:2484 [DEBUG] loadHKPortfolioRisk 开始执行
app.js?v=1774709537:2335 [DEBUG] loadHKPortfolioRisk 调用完成
app.js?v=1774709537:2163 市场情绪加载完成: 中性
app.js?v=1774709537:2486 [DEBUG] API 响应状态: 200
app.js?v=1774709537:2493 [DEBUG] API 返回数据: Object
app.js?v=1774709537:2523 [DEBUG] changes type: object keys: Array(4)
app.js?v=1774709537:2524 [DEBUG] changes[3d]: Object
app.js?v=1774709537:2525 [DEBUG] changes[1w]: Object
app.js?v=1774709537:1414 [热点板块] 已更新 6 个板块
app.js?v=1774709537:1668 新闻加载完成: 头条0条, 题材6条, 日历3条
 加载市场情绪数据...
 加载结构化财联社新闻...
 [热点板块] 已更新 6 个板块
 [DEBUG] renderSentiment 开始执行, appState.sentiment: {breadth: {…}, capital_flow: {…}, margin: {…}, north_south: {…}, sentiment_index: {…}, …}
 [DEBUG] 准备调用 loadPortfolioAnalysis
 [DEBUG] loadPortfolioAnalysis 调用完成
 [DEBUG] 准备调用 loadHKPortfolioRisk
 [DEBUG] loadHKPortfolioRisk 开始执行
 [DEBUG] loadHKPortfolioRisk 调用完成
 市场情绪加载完成: 中性
