app.js?v=1775012918:2165 [updateStockPricesOnce] 获取实时行情...
app.js?v=1775012918:2166 [updateStockPricesOnce] 股票列表: Array(12)
app.js?v=1775012918:2174 [updateStockPricesOnce] 请求体: {"stocks":[{"code":"000559","market":"A股"},{"code":"000878","market":"A股"},{"code":"002050","market":"A股"},{"code":"002594","market":"A股"},{"code":"300229","market":"A股"},{"code":"300316","market":"A股"},{"code":"300442","market":"A股"},{"code":"601600","market":"A股"},{"code":"688795","market":"A股"},{"code":"00285","market":"港股"},{"code":"00700","market":"港股"},{"code":"09988","market":"港股"}]}
app.js?v=1775012918:2183 [updateStockPricesOnce] 发起 fetch 请求...
app.js?v=1775012918:2201 [updateStockPricesOnce] fetch 完成，状态: 200
app.js?v=1775012918:2212 [updateStockPricesOnce] 响应数据: Object
app.js?v=1775012918:2225 [updateStockPricesOnce] 000559: 价格 15.56 -> 15.69, 涨跌 0.26, 涨跌幅 1.69%
app.js?v=1775012918:2225 [updateStockPricesOnce] 000878: 价格 18.49 -> 18.43, 涨跌 0.4, 涨跌幅 2.22%
app.js?v=1775012918:2225 [updateStockPricesOnce] 002050: 价格 43.4 -> 43.59, 涨跌 1.06, 涨跌幅 2.49%
app.js?v=1775012918:2225 [updateStockPricesOnce] 002594: 价格 103.07 -> 103.01, 涨跌 -2.24, 涨跌幅 -2.13%
app.js?v=1775012918:2225 [updateStockPricesOnce] 300229: 价格 18.16 -> 18.1, 涨跌 0.24, 涨跌幅 1.34%
app.js?v=1775012918:2225 [updateStockPricesOnce] 300316: 价格 42.77 -> 43.25, 涨跌 2.14, 涨跌幅 5.21%
app.js?v=1775012918:2225 [updateStockPricesOnce] 300442: 价格 83.63 -> 82.94, 涨跌 2.14, 涨跌幅 2.65%
app.js?v=1775012918:2225 [updateStockPricesOnce] 601600: 价格 11.66 -> 11.59, 涨跌 0.19, 涨跌幅 1.67%
app.js?v=1775012918:2225 [updateStockPricesOnce] 688795: 价格 574.99 -> 573.2, 涨跌 15.33, 涨跌幅 2.75%
app.js?v=1775012918:2225 [updateStockPricesOnce] 00285: 价格 24 -> 28.08, 涨跌 0.48, 涨跌幅 1.74%
app.js?v=1775012918:2225 [updateStockPricesOnce] 00700: 价格 424.742 -> 496, 涨跌 12, 涨跌幅 2.48%
app.js?v=1775012918:2225 [updateStockPricesOnce] 09988: 价格 104.86 -> 122.8, 涨跌 3.8, 涨跌幅 3.19%
app.js?v=1775012918:2241 [updateStockPricesOnce] 成功更新 12/12 只股票
app.js?v=1775012918:2254 [updateStockPricesOnce] 实时行情更新完成
app.js?v=1775012918:2137 [updateStockPricesOnce] 开始重新渲染列表...
app.js?v=1775012918:2139 [updateStockPricesOnce] 列表重新渲染完成
app.js?v=1775012918:2137 [updateStockPricesOnce] 开始重新渲染列表...
app.js?v=1775012918:2139 [updateStockPricesOnce] 列表重新渲染完成
app.js?v=1775012918:2137 [updateStockPricesOnce] 开始重新渲染列表...
app.js?v=1775012918:2139 [updateStockPricesOnce] 列表重新渲染完成
app.js?v=1775012918:2137 [updateStockPricesOnce] 开始重新渲染列表...
app.js?v=1775012918:2139 [updateStockPricesOnce] 列表重新渲染完成
app.js?v=1775012918:2137 [updateStockPricesOnce] 开始重新渲染列表...
app.js?v=1775012918:2139 [updateStockPricesOnce] 列表重新渲染完成
app.js?v=1775012918:2137 [updateStockPricesOnce] 开始重新渲染列表...
app.js?v=1775012918:2139 [updateStockPricesOnce] 列表重新渲染完成
app.js?v=1775012918:2137 [updateStockPricesOnce] 开始重新渲染列表...
app.js?v=1775012918:2139 [updateStockPricesOnce] 列表重新渲染完成
app.js?v=1775012918:2137 [updateStockPricesOnce] 开始重新渲染列表...
app.js?v=1775012918:2139 [updateStockPricesOnce] 列表重新渲染完成
app.js?v=1775012918:2137 [updateStockPricesOnce] 开始重新渲染列表...
app.js?v=1775012918:2139 [updateStockPricesOnce] 列表重新渲染完成
app.js?v=1775012918:2137 [updateStockPricesOnce] 开始重新渲染列表...
app.js?v=1775012918:2139 [updateStockPricesOnce] 列表重新渲染完成
app.js?v=1775012918:2137 [updateStockPricesOnce] 开始重新渲染列表...
app.js?v=1775012918:2139 [updateStockPricesOnce] 列表重新渲染完成
app.js?v=1775012918:2137 [updateStockPricesOnce] 开始重新渲染列表...
app.js?v=1775012918:2139 [updateStockPricesOnce] 列表重新渲染完成
app.js?v=1775012918:2137 [updateStockPricesOnce] 开始重新渲染列表...
app.js?v=1775012918:2139 [updateStockPricesOnce] 列表重新渲染完成
app.js?v=1775012918:2137 [updateStockPricesOnce] 开始重新渲染列表...
app.js?v=1775012918:2139 [updateStockPricesOnce] 列表重新渲染完成
app.js?v=1775012918:2137 [updateStockPricesOnce] 开始重新渲染列表...
app.js?v=1775012918:2139 [updateStockPricesOnce] 列表重新渲染完成
app.js?v=1775012918:2137 [updateStockPricesOnce] 开始重新渲染列表...
app.js?v=1775012918:2139 [updateStockPricesOnce] 列表重新渲染完成
app.js?v=1775012918:2137 [updateStockPricesOnce] 开始重新渲染列表...
app.js?v=1775012918:2139 [updateStockPricesOnce] 列表重新渲染完成
app.js?v=1775012918:2137 [updateStockPricesOnce] 开始重新渲染列表...
app.js?v=1775012918:2139 [updateStockPricesOnce] 列表重新渲染完成
